###############################################################################
#
# IAR ANSI C/C++ Compiler V7.70.1.11437/W32 for ARM       18/Apr/2019  18:40:19
# Copyright 1999-2016 IAR Systems AB.
#
#    Cpu mode     =  thumb
#    Endian       =  little
#    Source file  =  E:\projects\L6IR\programm\L6_pro\digital_resist.c
#    Command line =  
#        E:\projects\L6IR\programm\L6_pro\digital_resist.c -D
#        USE_STDPERIPH_DRIVER -D STM32L1XX_MD -D FR14745600 -D nFR11059200 -D
#        L6IR_CU -D nPT2_MODE -D PT7_MODE -D nTABLE_BAL -D nTNM_MODE -D
#        nSWIR_MODE -D nA3G4250D -D nLPS331AP -D METEO -D nTEST_MODE -D
#        nFLASH_ENABLE -lcN E:\projects\L6IR\programm\L6_pro\Release\List -lb
#        E:\projects\L6IR\programm\L6_pro\Release\List -o
#        E:\projects\L6IR\programm\L6_pro\Release\Obj --no_cse --no_unroll
#        --no_inline --no_code_motion --no_tbaa --no_clustering --no_scheduling
#        --debug --endian=little --cpu=Cortex-M3 -e --fpu=None --dlib_config
#        "C:\Program Files (x86)\IAR Systems\Embedded Workbench
#        7.5\arm\INC\c\DLib_Config_Normal.h" -I
#        E:\projects\L6IR\programm\L6_pro\STM32L1xx_StdPeriph_Driver\src\ -I
#        E:\projects\L6IR\programm\L6_pro\STM32L1xx_StdPeriph_Driver\inc\ -I
#        E:\projects\L6IR\programm\L6_pro\mcu\ -I
#        E:\projects\L6IR\programm\L6_pro\mcu\inc\ -I
#        nE:\projects\L6IR\programm\L6_pro\CMSIS\CM3\CoreSupport\ -I
#        E:\projects\L6IR\programm\L6_pro\CMSIS\Device\ST\STM32L1xx\Include\ -I
#        E:\projects\L6IR\programm\L6_pro\mcu\startup\iar\ -I
#        E:\projects\L6IR\programm\L6_pro\rfu_stm32\include\ -I
#        E:\projects\L6IR\programm\L6_pro\rfu_stm32\source\ -I
#        E:\projects\L6IR\programm\L6_pro\CMSIS\Include\ -I
#        E:\projects\L6IR\programm\L6_pro\ -Ol
#    Locale       =  Russian_Russia.1251
#    List file    =  
#        E:\projects\L6IR\programm\L6_pro\Release\List\digital_resist.lst
#    Object file  =  
#        E:\projects\L6IR\programm\L6_pro\Release\Obj\digital_resist.o
#
###############################################################################

E:\projects\L6IR\programm\L6_pro\digital_resist.c
      1          #ifdef TNM_MODE
      2          #include "digital_resist.h"
      3          //#include "i2c.h"
      4          //#include "stm32l1xx_hal.h"
      5          
      6          
      7          void dital_resist_ini()
      8          {
      9          
     10          
     11          }
     12          
     13          void digital_resist_send_function(u8 value)
     14          {
     15            u8 send_data = value*31;
     16            //DP[0] = value*32;
     17            i2c_WriteReg(I2C2, DIGITAL_RESIST_ADRESS|WRIGHT_FLAG, WRIGHT_REG_ADR, &send_data, 1);
     18            //uint8_t DP[1] = value; 
     19            //HAL_I2C_Mem_Write(&hi2c1, 0xA0, 0x10, I2C_MEMADD_SIZE_8BIT, DP, 1, 100);
     20          }
     21          #endif


 

 


Errors: none
Warnings: none
