###############################################################################
#
# IAR ANSI C/C++ Compiler V7.70.1.11437/W32 for ARM       18/Apr/2019  18:40:55
# Copyright 1999-2016 IAR Systems AB.
#
#    Cpu mode     =  thumb
#    Endian       =  little
#    Source file  =  E:\projects\L6IR\programm\L6_pro\mcu\system_timer.c
#    Command line =  
#        E:\projects\L6IR\programm\L6_pro\mcu\system_timer.c -D
#        USE_STDPERIPH_DRIVER -D STM32L1XX_MD -D FR14745600 -D nFR11059200 -D
#        L6IR_CU -D nPT2_MODE -D PT7_MODE -D nTABLE_BAL -D nTNM_MODE -D
#        nSWIR_MODE -D nA3G4250D -D nLPS331AP -D METEO -D nTEST_MODE -D
#        nFLASH_ENABLE -lcN E:\projects\L6IR\programm\L6_pro\Release\List -lb
#        E:\projects\L6IR\programm\L6_pro\Release\List -o
#        E:\projects\L6IR\programm\L6_pro\Release\Obj --no_cse --no_unroll
#        --no_inline --no_code_motion --no_tbaa --no_clustering --no_scheduling
#        --debug --endian=little --cpu=Cortex-M3 -e --fpu=None --dlib_config
#        "C:\Program Files (x86)\IAR Systems\Embedded Workbench
#        7.5\arm\INC\c\DLib_Config_Normal.h" -I
#        E:\projects\L6IR\programm\L6_pro\STM32L1xx_StdPeriph_Driver\src\ -I
#        E:\projects\L6IR\programm\L6_pro\STM32L1xx_StdPeriph_Driver\inc\ -I
#        E:\projects\L6IR\programm\L6_pro\mcu\ -I
#        E:\projects\L6IR\programm\L6_pro\mcu\inc\ -I
#        nE:\projects\L6IR\programm\L6_pro\CMSIS\CM3\CoreSupport\ -I
#        E:\projects\L6IR\programm\L6_pro\CMSIS\Device\ST\STM32L1xx\Include\ -I
#        E:\projects\L6IR\programm\L6_pro\mcu\startup\iar\ -I
#        E:\projects\L6IR\programm\L6_pro\rfu_stm32\include\ -I
#        E:\projects\L6IR\programm\L6_pro\rfu_stm32\source\ -I
#        E:\projects\L6IR\programm\L6_pro\CMSIS\Include\ -I
#        E:\projects\L6IR\programm\L6_pro\ -Ol
#    Locale       =  Russian_Russia.1251
#    List file    =  
#        E:\projects\L6IR\programm\L6_pro\Release\List\system_timer.lst
#    Object file  =  
#        E:\projects\L6IR\programm\L6_pro\Release\Obj\system_timer.o
#
###############################################################################

E:\projects\L6IR\programm\L6_pro\mcu\system_timer.c
      1          /**
      2           * @file   system_timer.c
      3           * @date   19 июля 2013 г.
      4           * @author
      5           * @brief  system_timer
      6           */
      7          
      8          
      9          #include  <hal_mcu.h>
     10          //#include  <mTask.h>
     11          //#include  <debug.h>
     12          #include  <system_timer.h>
     13          
     14          volatile tick_t system_ticks;
     15          
     16          void system_timer_init(void)
     17          {
     18            SystemCoreClockUpdate();
     19          	if ( SysTick_Config( SystemCoreClock / 500UL) )
     20          	{
     21          		while(1)
     22                          {
     23                            
     24                          }
     25          	}
     26          	system_ticks = 0;
     27          }
     28          
     29          
     30          void system_delay(tick_t ms)
     31          {
     32          	tick_t time = system_ticks;
     33          	while( (system_ticks - time) < ms )
     34          	{
     35          	}
     36          }
     37          
     38          /**
     39            * @brief  This function handles SysTick Handler.
     40            * @param  None
     41            * @retval None
     42            */
     43          

   Maximum stack usage in bytes:

   .cstack Function
   ------- --------
       0   NVIC_SetPriority
       8   SysTick_Config
         8   -> NVIC_SetPriority
       0   system_delay
       8   system_timer_init
         8   -> SysTick_Config
         8   -> SystemCoreClockUpdate


   Section sizes:

   Bytes  Function/Label
   -----  --------------
       4  ??DataTable3
       4  ??DataTable3_1
       4  ??DataTable3_2
       4  ??DataTable3_3
       4  ??DataTable3_4
       4  ??DataTable3_5
       4  ??DataTable3_6
      34  NVIC_SetPriority
      48  SysTick_Config
      16  system_delay
       4  system_ticks
      36  system_timer_init

 
   4 bytes in section .bss
 162 bytes in section .text
 
 162 bytes of CODE memory
   4 bytes of DATA memory

Errors: none
Warnings: none
